{"contracts/interfaces/IStar.sol":{"l":{},"path":"/home/shen/git/sc-apps-donate-contract/contracts/interfaces/IStar.sol","s":{},"b":{},"f":{},"fnMap":{},"statementMap":{},"branchMap":{}},"contracts/Star.sol":{"l":{"25":4,"26":3,"34":3,"35":1,"36":1,"37":1,"38":1,"44":2,"45":2,"53":1},"path":"/home/shen/git/sc-apps-donate-contract/contracts/Star.sol","s":{"1":4,"2":3,"3":1,"4":1,"5":1,"6":1,"7":2,"8":2,"9":1},"b":{"1":[3,1],"2":[1,2],"3":[1,1]},"f":{"1":9,"2":4,"3":3,"4":2,"5":1},"fnMap":{"1":{"name":"constructor","line":20,"loc":{"start":{"line":20,"column":4},"end":{"line":20,"column":49}}},"2":{"name":"_question","line":24,"loc":{"start":{"line":24,"column":4},"end":{"line":27,"column":4}}},"3":{"name":"donate","line":33,"loc":{"start":{"line":33,"column":4},"end":{"line":39,"column":4}}},"4":{"name":"get","line":43,"loc":{"start":{"line":43,"column":4},"end":{"line":46,"column":4}}},"5":{"name":"transferAnyERC20Token","line":52,"loc":{"start":{"line":48,"column":4},"end":{"line":54,"column":4}}}},"statementMap":{"1":{"start":{"line":25,"column":8},"end":{"line":25,"column":85}},"2":{"start":{"line":34,"column":8},"end":{"line":34,"column":85}},"3":{"start":{"line":35,"column":8},"end":{"line":35,"column":62}},"4":{"start":{"line":36,"column":8},"end":{"line":36,"column":32}},"5":{"start":{"line":37,"column":8},"end":{"line":37,"column":41}},"6":{"start":{"line":38,"column":8},"end":{"line":38,"column":50}},"7":{"start":{"line":44,"column":8},"end":{"line":44,"column":74}},"8":{"start":{"line":45,"column":8},"end":{"line":45,"column":47}},"9":{"start":{"line":53,"column":8},"end":{"line":53,"column":45}}},"branchMap":{"1":{"line":25,"type":"if","locations":[{"start":{"line":25,"column":8},"end":{"line":25,"column":8}},{"start":{"line":25,"column":8},"end":{"line":25,"column":8}}]},"2":{"line":34,"type":"if","locations":[{"start":{"line":34,"column":8},"end":{"line":34,"column":8}},{"start":{"line":34,"column":8},"end":{"line":34,"column":8}}]},"3":{"line":45,"type":"if","locations":[{"start":{"line":45,"column":8},"end":{"line":45,"column":8}},{"start":{"line":45,"column":8},"end":{"line":45,"column":8}}]}}},"contracts/test/ERC20_TEST.sol":{"l":{"8":9},"path":"/home/shen/git/sc-apps-donate-contract/contracts/test/ERC20_TEST.sol","s":{"1":9},"b":{},"f":{"1":9},"fnMap":{"1":{"name":"constructor","line":7,"loc":{"start":{"line":7,"column":4},"end":{"line":9,"column":4}}}},"statementMap":{"1":{"start":{"line":8,"column":8},"end":{"line":8,"column":46}}},"branchMap":{}}}